<?xml version="1.0" encoding="UTF-8"?>
<!-- Generated by org.testng.reporters.JUnitReportReporter -->
<testsuite hostname="LAPTOP-5KMFOFH9" failures="0" tests="1" name="com.CRM.TestCases.LoginPageTest" time="0.984" errors="0" timestamp="2024-03-28T21:23:22 IST" skipped="0">
  <testcase classname="com.CRM.TestCases.LoginPageTest" name="verifyLogin" time="0.984"/>
  <system-out/>
</testsuite> <!-- com.CRM.TestCases.LoginPageTest -->
