<?xml version="1.0" encoding="UTF-8"?>
<!-- Generated by org.testng.reporters.JUnitReportReporter -->
<testsuite hostname="LAPTOP-5KMFOFH9" failures="0" tests="1" name="com.CRM.TestCases.LoginPageTest" time="1.034" errors="0" timestamp="2024-03-28T22:26:54 IST" skipped="0">
  <testcase classname="com.CRM.TestCases.LoginPageTest" name="verifyLogin" time="1.034"/>
  <system-out/>
</testsuite> <!-- com.CRM.TestCases.LoginPageTest -->
